Using pre-set license
Built from 'HEAD' branch; Version is '2021.3.15f1c1 (080beb55ecda) revision 527339'; Using compiler version '192829333'; Build Type 'Release'
OS: 'Windows 10  (10.0.19041) 64bit Professional' Language: 'zh' Physical Memory: 16315 MB
BatchMode: 1, IsHumanControllingUs: 0, StartBugReporterOnCrash: 0, Is64bit: 1, IsPro: 1

COMMAND LINE ARGUMENTS:
D:\Program Files\Unity\2021.3.15f1c1\Editor\Unity.exe
-adb2
-batchMode
-noUpm
-name
AssetImportWorker0
-projectPath
F:/GF/StarForce
-logFile
Logs/AssetImportWorker0.log
-srvPort
57995
Successfully changed project path to: F:/GF/StarForce
F:/GF/StarForce
[UnityMemory] Configuration Parameters - Can be set up in boot.config
    "memorysetup-bucket-allocator-granularity=16"
    "memorysetup-bucket-allocator-bucket-count=8"
    "memorysetup-bucket-allocator-block-size=33554432"
    "memorysetup-bucket-allocator-block-count=8"
    "memorysetup-main-allocator-block-size=16777216"
    "memorysetup-thread-allocator-block-size=16777216"
    "memorysetup-gfx-main-allocator-block-size=16777216"
    "memorysetup-gfx-thread-allocator-block-size=16777216"
    "memorysetup-cache-allocator-block-size=4194304"
    "memorysetup-typetree-allocator-block-size=2097152"
    "memorysetup-profiler-bucket-allocator-granularity=16"
    "memorysetup-profiler-bucket-allocator-bucket-count=8"
    "memorysetup-profiler-bucket-allocator-block-size=33554432"
    "memorysetup-profiler-bucket-allocator-block-count=8"
    "memorysetup-profiler-allocator-block-size=16777216"
    "memorysetup-profiler-editor-allocator-block-size=1048576"
    "memorysetup-temp-allocator-size-main=16777216"
    "memorysetup-job-temp-allocator-block-size=2097152"
    "memorysetup-job-temp-allocator-block-size-background=1048576"
    "memorysetup-job-temp-allocator-reduction-small-platforms=262144"
    "memorysetup-temp-allocator-size-background-worker=32768"
    "memorysetup-temp-allocator-size-job-worker=262144"
    "memorysetup-temp-allocator-size-preload-manager=33554432"
    "memorysetup-temp-allocator-size-nav-mesh-worker=65536"
    "memorysetup-temp-allocator-size-audio-worker=65536"
    "memorysetup-temp-allocator-size-cloud-worker=32768"
    "memorysetup-temp-allocator-size-gi-baking-worker=262144"
    "memorysetup-temp-allocator-size-gfx=262144"
Player connection [4100] Host "[IP] 192.168.11.92 [Port] 0 [Flags] 2 [Guid] 1671242090 [EditorId] 1671242090 [Version] 1048832 [Id] WindowsEditor(7,MS-UUSPDAYEKEUQ) [Debug] 1 [PackageName] WindowsEditor [ProjectName] Editor" joined multi-casting on [225.0.0.222:54997]...

Player connection [4100] Host "[IP] 192.168.11.92 [Port] 0 [Flags] 2 [Guid] 1671242090 [EditorId] 1671242090 [Version] 1048832 [Id] WindowsEditor(7,MS-UUSPDAYEKEUQ) [Debug] 1 [PackageName] WindowsEditor [ProjectName] Editor" joined alternative multi-casting on [225.0.0.222:34997]...

AS: AutoStreaming module initializing.
Refreshing native plugins compatible for Editor in 25.50 ms, found 0 plugins.
Preloading 0 native plugins for Editor in 0.00 ms.
Initialize engine version: 2021.3.15f1c1 (080beb55ecda)
[Subsystems] Discovering subsystems at path D:/Program Files/Unity/2021.3.15f1c1/Editor/Data/Resources/UnitySubsystems
[Subsystems] Discovering subsystems at path F:/GF/StarForce/Assets
GfxDevice: creating device client; threaded=0; jobified=0
Direct3D:
    Version:  Direct3D 11.0 [level 11.1]
    Renderer: NVIDIA GeForce GTX 1650 (ID=0x1f0a)
    Vendor:   NVIDIA
    VRAM:     3961 MB
    Driver:   30.0.15.1215
Initialize mono
Mono path[0] = 'D:/Program Files/Unity/2021.3.15f1c1/Editor/Data/Managed'
Mono path[1] = 'D:/Program Files/Unity/2021.3.15f1c1/Editor/Data/MonoBleedingEdge/lib/mono/unityjit-win32'
Mono config path = 'D:/Program Files/Unity/2021.3.15f1c1/Editor/Data/MonoBleedingEdge/etc'
Using monoOptions --debugger-agent=transport=dt_socket,embedding=1,server=y,suspend=n,address=127.0.0.1:56540
Begin MonoManager ReloadAssembly
Registering precompiled unity dll's ...
Register platform support module: D:/Program Files/Unity/2021.3.15f1c1/Editor/Data/PlaybackEngines/AndroidPlayer/UnityEditor.Android.Extensions.dll
Register platform support module: D:/Program Files/Unity/2021.3.15f1c1/Editor/Data/PlaybackEngines/WindowsStandaloneSupport/UnityEditor.WindowsStandalone.Extensions.dll
Registered in 0.004562 seconds.
Native extension for WindowsStandalone target not found
Native extension for Android target not found
Refreshing native plugins compatible for Editor in 26.36 ms, found 0 plugins.
Preloading 0 native plugins for Editor in 0.00 ms.
Mono: successfully reloaded assembly
- Completed reload, in  0.597 seconds
Domain Reload Profiling:
	ReloadAssembly (597ms)
		BeginReloadAssembly (73ms)
			ExecutionOrderSort (0ms)
			DisableScriptedObjects (0ms)
			BackupInstance (0ms)
			ReleaseScriptingObjects (0ms)
			CreateAndSetChildDomain (1ms)
		EndReloadAssembly (411ms)
			LoadAssemblies (71ms)
			RebuildTransferFunctionScriptingTraits (0ms)
			SetupTypeCache (111ms)
			ReleaseScriptCaches (0ms)
			RebuildScriptCaches (29ms)
			SetupLoadedEditorAssemblies (221ms)
				LogAssemblyErrors (0ms)
				InitializePlatformSupportModulesInManaged (50ms)
				SetLoadedEditorAssemblies (0ms)
				RefreshPlugins (26ms)
				BeforeProcessingInitializeOnLoad (1ms)
				ProcessInitializeOnLoadAttributes (98ms)
				ProcessInitializeOnLoadMethodAttributes (45ms)
				AfterProcessingInitializeOnLoad (0ms)
				EditorAssembliesLoaded (0ms)
			ExecutionOrderSort2 (0ms)
			AwakeInstancesAfterBackupRestoration (0ms)
Platform modules already initialized, skipping
Registering precompiled user dll's ...
Registered in 0.002431 seconds.
Begin MonoManager ReloadAssembly
Native extension for WindowsStandalone target not found
Native extension for Android target not found
Refreshing native plugins compatible for Editor in 0.25 ms, found 0 plugins.
Preloading 0 native plugins for Editor in 0.00 ms.
Mono: successfully reloaded assembly
- Completed reload, in  0.779 seconds
Domain Reload Profiling:
	ReloadAssembly (780ms)
		BeginReloadAssembly (217ms)
			ExecutionOrderSort (0ms)
			DisableScriptedObjects (5ms)
			BackupInstance (0ms)
			ReleaseScriptingObjects (0ms)
			CreateAndSetChildDomain (132ms)
		EndReloadAssembly (416ms)
			LoadAssemblies (59ms)
			RebuildTransferFunctionScriptingTraits (0ms)
			SetupTypeCache (115ms)
			ReleaseScriptCaches (0ms)
			RebuildScriptCaches (38ms)
			SetupLoadedEditorAssemblies (169ms)
				LogAssemblyErrors (0ms)
				InitializePlatformSupportModulesInManaged (12ms)
				SetLoadedEditorAssemblies (0ms)
				RefreshPlugins (0ms)
				BeforeProcessingInitializeOnLoad (43ms)
				ProcessInitializeOnLoadAttributes (89ms)
				ProcessInitializeOnLoadMethodAttributes (17ms)
				AfterProcessingInitializeOnLoad (7ms)
				EditorAssembliesLoaded (0ms)
			ExecutionOrderSort2 (0ms)
			AwakeInstancesAfterBackupRestoration (6ms)
Platform modules already initialized, skipping
========================================================================
Worker process is ready to serve import requests
Launched and connected shader compiler UnityShaderCompiler.exe after 0.04 seconds
Refreshing native plugins compatible for Editor in 0.41 ms, found 0 plugins.
Preloading 0 native plugins for Editor in 0.00 ms.
Unloading 1284 Unused Serialized files (Serialized files now loaded: 0)
Unloading 11 unused Assets / (56.5 KB). Loaded Objects now: 1758.
Memory consumption went from 59.0 MB to 59.0 MB.
Total: 2.577600 ms (FindLiveObjects: 0.155000 ms CreateObjectMapping: 0.032900 ms MarkObjects: 2.310200 ms  DeleteObjects: 0.078200 ms)

AssetImportParameters requested are different than current active one (requested -> active):
  custom:video-decoder-ogg-theora: a1e56fd34408186e4bbccfd4996cb3dc -> 
  custom:container-muxer-webm: aa71ff27fc2769a1b78a27578f13a17b -> 
  custom:container-demuxer-webm: 4f35f7cbe854078d1ac9338744f61a02 -> 
  custom:video-encoder-webm-vp8: eb34c28f22e8b96e1ab97ce403110664 -> 
  custom:audio-encoder-webm-vorbis: bf7c407c2cedff20999df2af8eb42d56 -> 
  custom:framework-win-MediaFoundation: 216162199b28c13a410421893ffa2e32 -> 
  custom:container-demuxer-ogg: 62fdf1f143b41e24485cea50d1cbac27 -> 
  custom:video-decoder-webm-vp8: 9c59270c3fd7afecdb556c50c9e8de78 -> 
  custom:audio-decoder-ogg-vorbis: bf7c407c2cedff20999df2af8eb42d56 -> 
========================================================================
Received Import Request.
  Time since last request: 3890.570302 seconds.
  path: Assets/GameFramework/Scripts/Runtime/Config/DefaultConfigHelper.cs
  artifactKey: Guid(9c039b1ea5c75e24fa12a58ab3227ab7) Importer(815301076,1909f56bfc062723c751e8b465ee728b)
Start importing Assets/GameFramework/Scripts/Runtime/Config/DefaultConfigHelper.cs using Guid(9c039b1ea5c75e24fa12a58ab3227ab7) Importer(815301076,1909f56bfc062723c751e8b465ee728b)  -> (artifact id: '6c13e25ee2a2accc90112902e6249c48') in 0.025943 seconds 
========================================================================
Received Prepare
Registering precompiled user dll's ...
Registered in 0.002349 seconds.
Begin MonoManager ReloadAssembly
Native extension for WindowsStandalone target not found
Native extension for Android target not found
Refreshing native plugins compatible for Editor in 0.38 ms, found 0 plugins.
Preloading 0 native plugins for Editor in 0.00 ms.
Mono: successfully reloaded assembly
- Completed reload, in  0.571 seconds
Domain Reload Profiling:
	ReloadAssembly (572ms)
		BeginReloadAssembly (101ms)
			ExecutionOrderSort (0ms)
			DisableScriptedObjects (5ms)
			BackupInstance (0ms)
			ReleaseScriptingObjects (0ms)
			CreateAndSetChildDomain (24ms)
		EndReloadAssembly (385ms)
			LoadAssemblies (51ms)
			RebuildTransferFunctionScriptingTraits (0ms)
			SetupTypeCache (114ms)
			ReleaseScriptCaches (0ms)
			RebuildScriptCaches (27ms)
			SetupLoadedEditorAssemblies (157ms)
				LogAssemblyErrors (0ms)
				InitializePlatformSupportModulesInManaged (17ms)
				SetLoadedEditorAssemblies (1ms)
				RefreshPlugins (0ms)
				BeforeProcessingInitializeOnLoad (32ms)
				ProcessInitializeOnLoadAttributes (85ms)
				ProcessInitializeOnLoadMethodAttributes (16ms)
				AfterProcessingInitializeOnLoad (6ms)
				EditorAssembliesLoaded (0ms)
			ExecutionOrderSort2 (0ms)
			AwakeInstancesAfterBackupRestoration (5ms)
Platform modules already initialized, skipping
Refreshing native plugins compatible for Editor in 0.63 ms, found 0 plugins.
Preloading 0 native plugins for Editor in 0.00 ms.
Unloading 1279 Unused Serialized files (Serialized files now loaded: 0)
Unloading 5 unused Assets / (24.6 KB). Loaded Objects now: 1761.
Memory consumption went from 58.9 MB to 58.8 MB.
Total: 2.319400 ms (FindLiveObjects: 0.204200 ms CreateObjectMapping: 0.039700 ms MarkObjects: 2.057200 ms  DeleteObjects: 0.016600 ms)

AssetImportParameters requested are different than current active one (requested -> active):
  custom:video-decoder-ogg-theora: a1e56fd34408186e4bbccfd4996cb3dc -> 
  custom:container-muxer-webm: aa71ff27fc2769a1b78a27578f13a17b -> 
  custom:container-demuxer-webm: 4f35f7cbe854078d1ac9338744f61a02 -> 
  custom:video-encoder-webm-vp8: eb34c28f22e8b96e1ab97ce403110664 -> 
  custom:audio-encoder-webm-vorbis: bf7c407c2cedff20999df2af8eb42d56 -> 
  custom:framework-win-MediaFoundation: 216162199b28c13a410421893ffa2e32 -> 
  custom:container-demuxer-ogg: 62fdf1f143b41e24485cea50d1cbac27 -> 
  custom:video-decoder-webm-vp8: 9c59270c3fd7afecdb556c50c9e8de78 -> 
  custom:audio-decoder-ogg-vorbis: bf7c407c2cedff20999df2af8eb42d56 -> 
========================================================================
Received Import Request.
  Time since last request: 3621.435930 seconds.
  path: Assets/GameFramework/Scripts/Runtime/Localization
  artifactKey: Guid(53c22c721e664fb45b53af7ab274c8af) Importer(815301076,1909f56bfc062723c751e8b465ee728b)
Start importing Assets/GameFramework/Scripts/Runtime/Localization using Guid(53c22c721e664fb45b53af7ab274c8af) Importer(815301076,1909f56bfc062723c751e8b465ee728b)  -> (artifact id: '233fa7a32cade29ae8676cf6857a3fc1') in 0.003920 seconds 
========================================================================
Received Import Request.
  Time since last request: 0.425891 seconds.
  path: Assets/GameFramework/Scripts/Runtime/Network
  artifactKey: Guid(e6bed9f3b15b3d64190301c8d908142a) Importer(815301076,1909f56bfc062723c751e8b465ee728b)
Start importing Assets/GameFramework/Scripts/Runtime/Network using Guid(e6bed9f3b15b3d64190301c8d908142a) Importer(815301076,1909f56bfc062723c751e8b465ee728b)  -> (artifact id: 'f18bba37227c9a5965544f86c7e80110') in 0.001097 seconds 
========================================================================
Received Import Request.
  Time since last request: 0.372525 seconds.
  path: Assets/GameFramework/Scripts/Runtime/ObjectPool
  artifactKey: Guid(82475e8acda14d045a5eee8e09f6bd9b) Importer(815301076,1909f56bfc062723c751e8b465ee728b)
Start importing Assets/GameFramework/Scripts/Runtime/ObjectPool using Guid(82475e8acda14d045a5eee8e09f6bd9b) Importer(815301076,1909f56bfc062723c751e8b465ee728b)  -> (artifact id: '3b0e8885fdbac702f3e982810ac7fab5') in 0.001000 seconds 
========================================================================
Received Import Request.
  Time since last request: 0.365118 seconds.
  path: Assets/GameFramework/Scripts/Runtime/ReferencePool
  artifactKey: Guid(d8ddcb97e04c6d94aaabafc2ae83cb2b) Importer(815301076,1909f56bfc062723c751e8b465ee728b)
Start importing Assets/GameFramework/Scripts/Runtime/ReferencePool using Guid(d8ddcb97e04c6d94aaabafc2ae83cb2b) Importer(815301076,1909f56bfc062723c751e8b465ee728b)  -> (artifact id: '66469c2a42baa4d4f01ce5a14d86fa7e') in 0.000974 seconds 
========================================================================
Received Import Request.
  Time since last request: 0.382241 seconds.
  path: Assets/GameFramework/Scripts/Runtime/Scene
  artifactKey: Guid(141ad46133ef8f54e9f4f0ac35f0da19) Importer(815301076,1909f56bfc062723c751e8b465ee728b)
Start importing Assets/GameFramework/Scripts/Runtime/Scene using Guid(141ad46133ef8f54e9f4f0ac35f0da19) Importer(815301076,1909f56bfc062723c751e8b465ee728b)  -> (artifact id: '6b048d309302bf4ace80d332daa7f9f0') in 0.000981 seconds 
========================================================================
Received Import Request.
  Time since last request: 0.349192 seconds.
  path: Assets/GameFramework/Scripts/Runtime/Setting
  artifactKey: Guid(92fcf07daa767d248bdf826a600dbf4a) Importer(815301076,1909f56bfc062723c751e8b465ee728b)
Start importing Assets/GameFramework/Scripts/Runtime/Setting using Guid(92fcf07daa767d248bdf826a600dbf4a) Importer(815301076,1909f56bfc062723c751e8b465ee728b)  -> (artifact id: 'bb3874935ee8b23098f97c4e21bd9ee5') in 0.001106 seconds 
========================================================================
Received Import Request.
  Time since last request: 0.376156 seconds.
  path: Assets/GameFramework/Scripts/Runtime/UI
  artifactKey: Guid(54c6b5aa3d448eb45a27b1f39e40db63) Importer(815301076,1909f56bfc062723c751e8b465ee728b)
Start importing Assets/GameFramework/Scripts/Runtime/UI using Guid(54c6b5aa3d448eb45a27b1f39e40db63) Importer(815301076,1909f56bfc062723c751e8b465ee728b)  -> (artifact id: '3ca98f0fef727a4648ce0c46cd13dc53') in 0.001278 seconds 
========================================================================
Received Prepare
Registering precompiled user dll's ...
Registered in 0.002373 seconds.
Begin MonoManager ReloadAssembly
Native extension for WindowsStandalone target not found
Native extension for Android target not found
Refreshing native plugins compatible for Editor in 0.19 ms, found 0 plugins.
Preloading 0 native plugins for Editor in 0.00 ms.
Mono: successfully reloaded assembly
- Completed reload, in  0.612 seconds
Domain Reload Profiling:
	ReloadAssembly (612ms)
		BeginReloadAssembly (119ms)
			ExecutionOrderSort (0ms)
			DisableScriptedObjects (6ms)
			BackupInstance (0ms)
			ReleaseScriptingObjects (0ms)
			CreateAndSetChildDomain (33ms)
		EndReloadAssembly (403ms)
			LoadAssemblies (58ms)
			RebuildTransferFunctionScriptingTraits (0ms)
			SetupTypeCache (122ms)
			ReleaseScriptCaches (0ms)
			RebuildScriptCaches (27ms)
			SetupLoadedEditorAssemblies (165ms)
				LogAssemblyErrors (0ms)
				InitializePlatformSupportModulesInManaged (17ms)
				SetLoadedEditorAssemblies (0ms)
				RefreshPlugins (0ms)
				BeforeProcessingInitializeOnLoad (35ms)
				ProcessInitializeOnLoadAttributes (87ms)
				ProcessInitializeOnLoadMethodAttributes (18ms)
				AfterProcessingInitializeOnLoad (7ms)
				EditorAssembliesLoaded (0ms)
			ExecutionOrderSort2 (0ms)
			AwakeInstancesAfterBackupRestoration (5ms)
Platform modules already initialized, skipping
Refreshing native plugins compatible for Editor in 0.67 ms, found 0 plugins.
Preloading 0 native plugins for Editor in 0.00 ms.
Unloading 1279 Unused Serialized files (Serialized files now loaded: 0)
Unloading 5 unused Assets / (24.6 KB). Loaded Objects now: 1764.
Memory consumption went from 58.9 MB to 58.9 MB.
Total: 2.839400 ms (FindLiveObjects: 0.153500 ms CreateObjectMapping: 0.037900 ms MarkObjects: 2.618700 ms  DeleteObjects: 0.027900 ms)

AssetImportParameters requested are different than current active one (requested -> active):
  custom:video-decoder-ogg-theora: a1e56fd34408186e4bbccfd4996cb3dc -> 
  custom:container-muxer-webm: aa71ff27fc2769a1b78a27578f13a17b -> 
  custom:container-demuxer-webm: 4f35f7cbe854078d1ac9338744f61a02 -> 
  custom:video-encoder-webm-vp8: eb34c28f22e8b96e1ab97ce403110664 -> 
  custom:audio-encoder-webm-vorbis: bf7c407c2cedff20999df2af8eb42d56 -> 
  custom:framework-win-MediaFoundation: 216162199b28c13a410421893ffa2e32 -> 
  custom:container-demuxer-ogg: 62fdf1f143b41e24485cea50d1cbac27 -> 
  custom:video-decoder-webm-vp8: 9c59270c3fd7afecdb556c50c9e8de78 -> 
  custom:audio-decoder-ogg-vorbis: bf7c407c2cedff20999df2af8eb42d56 -> 
========================================================================
Received Prepare
Registering precompiled user dll's ...
Registered in 0.003320 seconds.
Begin MonoManager ReloadAssembly
Native extension for WindowsStandalone target not found
Native extension for Android target not found
Refreshing native plugins compatible for Editor in 0.21 ms, found 0 plugins.
Preloading 0 native plugins for Editor in 0.00 ms.
Mono: successfully reloaded assembly
- Completed reload, in  0.646 seconds
Domain Reload Profiling:
	ReloadAssembly (647ms)
		BeginReloadAssembly (128ms)
			ExecutionOrderSort (0ms)
			DisableScriptedObjects (5ms)
			BackupInstance (0ms)
			ReleaseScriptingObjects (0ms)
			CreateAndSetChildDomain (31ms)
		EndReloadAssembly (420ms)
			LoadAssemblies (66ms)
			RebuildTransferFunctionScriptingTraits (0ms)
			SetupTypeCache (129ms)
			ReleaseScriptCaches (0ms)
			RebuildScriptCaches (34ms)
			SetupLoadedEditorAssemblies (157ms)
				LogAssemblyErrors (0ms)
				InitializePlatformSupportModulesInManaged (17ms)
				SetLoadedEditorAssemblies (0ms)
				RefreshPlugins (0ms)
				BeforeProcessingInitializeOnLoad (30ms)
				ProcessInitializeOnLoadAttributes (85ms)
				ProcessInitializeOnLoadMethodAttributes (19ms)
				AfterProcessingInitializeOnLoad (6ms)
				EditorAssembliesLoaded (0ms)
			ExecutionOrderSort2 (0ms)
			AwakeInstancesAfterBackupRestoration (6ms)
Platform modules already initialized, skipping
Refreshing native plugins compatible for Editor in 0.86 ms, found 0 plugins.
Preloading 0 native plugins for Editor in 0.00 ms.
Unloading 1279 Unused Serialized files (Serialized files now loaded: 0)
Unloading 5 unused Assets / (24.7 KB). Loaded Objects now: 1767.
Memory consumption went from 58.9 MB to 58.9 MB.
Total: 2.235700 ms (FindLiveObjects: 0.153900 ms CreateObjectMapping: 0.030300 ms MarkObjects: 2.033800 ms  DeleteObjects: 0.016600 ms)

AssetImportParameters requested are different than current active one (requested -> active):
  custom:video-decoder-ogg-theora: a1e56fd34408186e4bbccfd4996cb3dc -> 
  custom:container-muxer-webm: aa71ff27fc2769a1b78a27578f13a17b -> 
  custom:container-demuxer-webm: 4f35f7cbe854078d1ac9338744f61a02 -> 
  custom:video-encoder-webm-vp8: eb34c28f22e8b96e1ab97ce403110664 -> 
  custom:audio-encoder-webm-vorbis: bf7c407c2cedff20999df2af8eb42d56 -> 
  custom:framework-win-MediaFoundation: 216162199b28c13a410421893ffa2e32 -> 
  custom:container-demuxer-ogg: 62fdf1f143b41e24485cea50d1cbac27 -> 
  custom:video-decoder-webm-vp8: 9c59270c3fd7afecdb556c50c9e8de78 -> 
  custom:audio-decoder-ogg-vorbis: bf7c407c2cedff20999df2af8eb42d56 -> 
========================================================================
Received Prepare
Registering precompiled user dll's ...
Registered in 0.002836 seconds.
Begin MonoManager ReloadAssembly
Native extension for WindowsStandalone target not found
Native extension for Android target not found
Refreshing native plugins compatible for Editor in 0.27 ms, found 0 plugins.
Preloading 0 native plugins for Editor in 0.00 ms.
Mono: successfully reloaded assembly
- Completed reload, in  0.588 seconds
Domain Reload Profiling:
	ReloadAssembly (589ms)
		BeginReloadAssembly (104ms)
			ExecutionOrderSort (0ms)
			DisableScriptedObjects (6ms)
			BackupInstance (0ms)
			ReleaseScriptingObjects (0ms)
			CreateAndSetChildDomain (21ms)
		EndReloadAssembly (389ms)
			LoadAssemblies (56ms)
			RebuildTransferFunctionScriptingTraits (0ms)
			SetupTypeCache (111ms)
			ReleaseScriptCaches (1ms)
			RebuildScriptCaches (27ms)
			SetupLoadedEditorAssemblies (159ms)
				LogAssemblyErrors (0ms)
				InitializePlatformSupportModulesInManaged (18ms)
				SetLoadedEditorAssemblies (0ms)
				RefreshPlugins (0ms)
				BeforeProcessingInitializeOnLoad (30ms)
				ProcessInitializeOnLoadAttributes (85ms)
				ProcessInitializeOnLoadMethodAttributes (18ms)
				AfterProcessingInitializeOnLoad (6ms)
				EditorAssembliesLoaded (0ms)
			ExecutionOrderSort2 (0ms)
			AwakeInstancesAfterBackupRestoration (5ms)
Platform modules already initialized, skipping
Refreshing native plugins compatible for Editor in 0.70 ms, found 0 plugins.
Preloading 0 native plugins for Editor in 0.00 ms.
Unloading 1279 Unused Serialized files (Serialized files now loaded: 0)
Unloading 5 unused Assets / (24.6 KB). Loaded Objects now: 1770.
Memory consumption went from 58.9 MB to 58.9 MB.
Total: 2.218500 ms (FindLiveObjects: 0.144200 ms CreateObjectMapping: 0.032500 ms MarkObjects: 2.027000 ms  DeleteObjects: 0.013700 ms)

AssetImportParameters requested are different than current active one (requested -> active):
  custom:video-decoder-ogg-theora: a1e56fd34408186e4bbccfd4996cb3dc -> 
  custom:container-muxer-webm: aa71ff27fc2769a1b78a27578f13a17b -> 
  custom:container-demuxer-webm: 4f35f7cbe854078d1ac9338744f61a02 -> 
  custom:video-encoder-webm-vp8: eb34c28f22e8b96e1ab97ce403110664 -> 
  custom:audio-encoder-webm-vorbis: bf7c407c2cedff20999df2af8eb42d56 -> 
  custom:framework-win-MediaFoundation: 216162199b28c13a410421893ffa2e32 -> 
  custom:container-demuxer-ogg: 62fdf1f143b41e24485cea50d1cbac27 -> 
  custom:video-decoder-webm-vp8: 9c59270c3fd7afecdb556c50c9e8de78 -> 
  custom:audio-decoder-ogg-vorbis: bf7c407c2cedff20999df2af8eb42d56 -> 
========================================================================
Received Import Request.
  Time since last request: 12140.347009 seconds.
  path: Assets/GameFramework
  artifactKey: Guid(a799dfe0693edf4468717dc3b3e3e30e) Importer(815301076,1909f56bfc062723c751e8b465ee728b)
Start importing Assets/GameFramework using Guid(a799dfe0693edf4468717dc3b3e3e30e) Importer(815301076,1909f56bfc062723c751e8b465ee728b)  -> (artifact id: '701d3253e57d204ec9b78073aa49021e') in 0.003509 seconds 
========================================================================
Received Import Request.
  Time since last request: 3041.275123 seconds.
  path: Assets/GameFramework/Scripts/Runtime/Base/BaseComponent.cs
  artifactKey: Guid(f98acd7d3bd2bf54dadf9644f60e5cb9) Importer(815301076,1909f56bfc062723c751e8b465ee728b)
Start importing Assets/GameFramework/Scripts/Runtime/Base/BaseComponent.cs using Guid(f98acd7d3bd2bf54dadf9644f60e5cb9) Importer(815301076,1909f56bfc062723c751e8b465ee728b)  -> (artifact id: 'f06609179f4da5f9a52e3f78821bdf2a') in 0.001070 seconds 
========================================================================
Received Import Request.
  Time since last request: 2.217179 seconds.
  path: Assets/GameFramework/Scripts/Runtime/Base/GameEntry.cs
  artifactKey: Guid(dd346220e820e384b816477cdf1e1bb2) Importer(815301076,1909f56bfc062723c751e8b465ee728b)
Start importing Assets/GameFramework/Scripts/Runtime/Base/GameEntry.cs using Guid(dd346220e820e384b816477cdf1e1bb2) Importer(815301076,1909f56bfc062723c751e8b465ee728b)  -> (artifact id: '78ff56cd84794d22021bf445df59c9ad') in 0.000962 seconds 
========================================================================
Received Import Request.
  Time since last request: 3.043564 seconds.
  path: Assets/GameFramework/Scripts/Runtime/Base/GameFrameworkComponent.cs
  artifactKey: Guid(bbf5faef1b7b7d24c8375006438a0cd0) Importer(815301076,1909f56bfc062723c751e8b465ee728b)
Start importing Assets/GameFramework/Scripts/Runtime/Base/GameFrameworkComponent.cs using Guid(bbf5faef1b7b7d24c8375006438a0cd0) Importer(815301076,1909f56bfc062723c751e8b465ee728b)  -> (artifact id: '22221a1edee8193d790485cc17fb93ee') in 0.001021 seconds 
========================================================================
Received Import Request.
  Time since last request: 18.454817 seconds.
  path: Assets/GameFramework/Scripts/Runtime/Base/ShutdownType.cs
  artifactKey: Guid(6e19747752388e14bbe312e0f4c44e00) Importer(815301076,1909f56bfc062723c751e8b465ee728b)
Start importing Assets/GameFramework/Scripts/Runtime/Base/ShutdownType.cs using Guid(6e19747752388e14bbe312e0f4c44e00) Importer(815301076,1909f56bfc062723c751e8b465ee728b)  -> (artifact id: '48227bb7eb218b76527de384daaf4c3e') in 0.001158 seconds 
========================================================================
Received Import Request.
  Time since last request: 1181.210242 seconds.
  path: Assets/GameFramework/Scripts/Runtime/WebRequest/UnityWebRequestAgentHelper.cs
  artifactKey: Guid(7e3014b70cd4acd41bed5c829dff3c30) Importer(815301076,1909f56bfc062723c751e8b465ee728b)
Start importing Assets/GameFramework/Scripts/Runtime/WebRequest/UnityWebRequestAgentHelper.cs using Guid(7e3014b70cd4acd41bed5c829dff3c30) Importer(815301076,1909f56bfc062723c751e8b465ee728b)  -> (artifact id: 'bf88a22a278fc7644af7bf061df48727') in 0.001010 seconds 
========================================================================
Received Import Request.
  Time since last request: 817.911499 seconds.
  path: Assets/GameFramework/Scripts/Runtime/WebRequest/WebRequestAgentHelperBase.cs
  artifactKey: Guid(435dc9e1aa25c4344b27aa10088d4f1a) Importer(815301076,1909f56bfc062723c751e8b465ee728b)
Start importing Assets/GameFramework/Scripts/Runtime/WebRequest/WebRequestAgentHelperBase.cs using Guid(435dc9e1aa25c4344b27aa10088d4f1a) Importer(815301076,1909f56bfc062723c751e8b465ee728b)  -> (artifact id: '1662aaebaf0d40fefab49df21ad8ad96') in 0.001135 seconds 
========================================================================
Received Prepare
Registering precompiled user dll's ...
Registered in 0.002409 seconds.
Begin MonoManager ReloadAssembly
Native extension for WindowsStandalone target not found
Native extension for Android target not found
Refreshing native plugins compatible for Editor in 0.26 ms, found 0 plugins.
Preloading 0 native plugins for Editor in 0.00 ms.
Mono: successfully reloaded assembly
- Completed reload, in  0.668 seconds
Domain Reload Profiling:
	ReloadAssembly (669ms)
		BeginReloadAssembly (158ms)
			ExecutionOrderSort (0ms)
			DisableScriptedObjects (14ms)
			BackupInstance (0ms)
			ReleaseScriptingObjects (0ms)
			CreateAndSetChildDomain (39ms)
		EndReloadAssembly (418ms)
			LoadAssemblies (76ms)
			RebuildTransferFunctionScriptingTraits (0ms)
			SetupTypeCache (116ms)
			ReleaseScriptCaches (0ms)
			RebuildScriptCaches (27ms)
			SetupLoadedEditorAssemblies (181ms)
				LogAssemblyErrors (0ms)
				InitializePlatformSupportModulesInManaged (19ms)
				SetLoadedEditorAssemblies (0ms)
				RefreshPlugins (0ms)
				BeforeProcessingInitializeOnLoad (34ms)
				ProcessInitializeOnLoadAttributes (99ms)
				ProcessInitializeOnLoadMethodAttributes (20ms)
				AfterProcessingInitializeOnLoad (8ms)
				EditorAssembliesLoaded (0ms)
			ExecutionOrderSort2 (0ms)
			AwakeInstancesAfterBackupRestoration (5ms)
Platform modules already initialized, skipping
Refreshing native plugins compatible for Editor in 0.64 ms, found 0 plugins.
Preloading 0 native plugins for Editor in 0.00 ms.
Unloading 1279 Unused Serialized files (Serialized files now loaded: 0)
Unloading 5 unused Assets / (24.6 KB). Loaded Objects now: 1773.
Memory consumption went from 58.9 MB to 58.9 MB.
Total: 2.965600 ms (FindLiveObjects: 0.251600 ms CreateObjectMapping: 0.045300 ms MarkObjects: 2.634700 ms  DeleteObjects: 0.032800 ms)

AssetImportParameters requested are different than current active one (requested -> active):
  custom:video-decoder-ogg-theora: a1e56fd34408186e4bbccfd4996cb3dc -> 
  custom:container-muxer-webm: aa71ff27fc2769a1b78a27578f13a17b -> 
  custom:container-demuxer-webm: 4f35f7cbe854078d1ac9338744f61a02 -> 
  custom:video-encoder-webm-vp8: eb34c28f22e8b96e1ab97ce403110664 -> 
  custom:audio-encoder-webm-vorbis: bf7c407c2cedff20999df2af8eb42d56 -> 
  custom:framework-win-MediaFoundation: 216162199b28c13a410421893ffa2e32 -> 
  custom:container-demuxer-ogg: 62fdf1f143b41e24485cea50d1cbac27 -> 
  custom:video-decoder-webm-vp8: 9c59270c3fd7afecdb556c50c9e8de78 -> 
  custom:audio-decoder-ogg-vorbis: bf7c407c2cedff20999df2af8eb42d56 -> 
========================================================================
Received Prepare
Registering precompiled user dll's ...
Registered in 0.002504 seconds.
Begin MonoManager ReloadAssembly
Native extension for WindowsStandalone target not found
Native extension for Android target not found
Refreshing native plugins compatible for Editor in 0.26 ms, found 0 plugins.
Preloading 0 native plugins for Editor in 0.00 ms.
Mono: successfully reloaded assembly
- Completed reload, in  0.590 seconds
Domain Reload Profiling:
	ReloadAssembly (591ms)
		BeginReloadAssembly (103ms)
			ExecutionOrderSort (0ms)
			DisableScriptedObjects (5ms)
			BackupInstance (0ms)
			ReleaseScriptingObjects (0ms)
			CreateAndSetChildDomain (21ms)
		EndReloadAssembly (391ms)
			LoadAssemblies (55ms)
			RebuildTransferFunctionScriptingTraits (0ms)
			SetupTypeCache (113ms)
			ReleaseScriptCaches (0ms)
			RebuildScriptCaches (27ms)
			SetupLoadedEditorAssemblies (160ms)
				LogAssemblyErrors (0ms)
				InitializePlatformSupportModulesInManaged (17ms)
				SetLoadedEditorAssemblies (0ms)
				RefreshPlugins (0ms)
				BeforeProcessingInitializeOnLoad (32ms)
				ProcessInitializeOnLoadAttributes (87ms)
				ProcessInitializeOnLoadMethodAttributes (17ms)
				AfterProcessingInitializeOnLoad (6ms)
				EditorAssembliesLoaded (0ms)
			ExecutionOrderSort2 (0ms)
			AwakeInstancesAfterBackupRestoration (5ms)
Platform modules already initialized, skipping
Refreshing native plugins compatible for Editor in 0.69 ms, found 0 plugins.
Preloading 0 native plugins for Editor in 0.00 ms.
Unloading 1279 Unused Serialized files (Serialized files now loaded: 0)
Unloading 5 unused Assets / (24.6 KB). Loaded Objects now: 1776.
Memory consumption went from 58.9 MB to 58.9 MB.
Total: 2.927400 ms (FindLiveObjects: 0.147400 ms CreateObjectMapping: 0.032500 ms MarkObjects: 2.715800 ms  DeleteObjects: 0.029400 ms)

AssetImportParameters requested are different than current active one (requested -> active):
  custom:video-decoder-ogg-theora: a1e56fd34408186e4bbccfd4996cb3dc -> 
  custom:container-muxer-webm: aa71ff27fc2769a1b78a27578f13a17b -> 
  custom:container-demuxer-webm: 4f35f7cbe854078d1ac9338744f61a02 -> 
  custom:video-encoder-webm-vp8: eb34c28f22e8b96e1ab97ce403110664 -> 
  custom:audio-encoder-webm-vorbis: bf7c407c2cedff20999df2af8eb42d56 -> 
  custom:framework-win-MediaFoundation: 216162199b28c13a410421893ffa2e32 -> 
  custom:container-demuxer-ogg: 62fdf1f143b41e24485cea50d1cbac27 -> 
  custom:video-decoder-webm-vp8: 9c59270c3fd7afecdb556c50c9e8de78 -> 
  custom:audio-decoder-ogg-vorbis: bf7c407c2cedff20999df2af8eb42d56 -> 
========================================================================
Received Import Request.
  Time since last request: 1466.565008 seconds.
  path: Assets/GameFramework/Scripts/Runtime/Config/ConfigComponent.cs
  artifactKey: Guid(3e847b2b3e22e9b4792ca7ea6e1714c6) Importer(815301076,1909f56bfc062723c751e8b465ee728b)
Start importing Assets/GameFramework/Scripts/Runtime/Config/ConfigComponent.cs using Guid(3e847b2b3e22e9b4792ca7ea6e1714c6) Importer(815301076,1909f56bfc062723c751e8b465ee728b)  -> (artifact id: 'a58dad43f68312e38f826a229dc13795') in 0.003621 seconds 
